{
  "stats": {
    "suites": 1,
    "tests": 1,
    "passes": 1,
    "pending": 0,
    "failures": 0,
    "start": "2020-05-11T16:55:32.353Z",
    "end": "2020-05-11T16:55:58.142Z",
    "duration": 25789,
    "testsRegistered": 1,
    "passPercent": 100,
    "pendingPercent": 0,
    "other": 0,
    "hasOther": false,
    "skipped": 0,
    "hasSkipped": false
  },
  "results": [
    {
      "uuid": "13f198a0-b813-45f0-aebe-c88a87c28ad8",
      "title": "",
      "fullFile": "cypress/integration/examples/adminportal.js",
      "file": "cypress/integration/examples/adminportal.js",
      "beforeHooks": [],
      "afterHooks": [],
      "tests": [],
      "suites": [
        {
          "uuid": "1a230922-0802-4346-843b-1a9e8d14be44",
          "title": "Go to Admin Portal and verify Home Screen",
          "fullFile": "",
          "file": "",
          "beforeHooks": [],
          "afterHooks": [],
          "tests": [
            {
              "title": "Going to managementConsole and click on settings should give Home page",
              "fullTitle": "Go to Admin Portal and verify Home Screen Going to managementConsole and click on settings should give Home page",
              "timedOut": null,
              "duration": 22261,
              "state": "passed",
              "speed": "slow",
              "pass": true,
              "fail": false,
              "pending": false,
              "context": null,
              "code": "cy.loginFunction.login('tsadmin', 'admin');\ncy.visitAdminPortal.adminportal();",
              "err": {},
              "uuid": "18bb4094-6bc8-4dfe-9797-f8f7bdb8c4b2",
              "parentUUID": "1a230922-0802-4346-843b-1a9e8d14be44",
              "isHook": false,
              "skipped": false
            }
          ],
          "suites": [],
          "passes": [
            "18bb4094-6bc8-4dfe-9797-f8f7bdb8c4b2"
          ],
          "failures": [],
          "pending": [],
          "skipped": [],
          "duration": 22261,
          "root": false,
          "rootEmpty": false,
          "_timeout": 2000
        }
      ],
      "passes": [],
      "failures": [],
      "pending": [],
      "skipped": [],
      "duration": 0,
      "root": true,
      "rootEmpty": true,
      "_timeout": 2000
    }
  ],
  "meta": {
    "mocha": {
      "version": "7.0.1"
    },
    "mochawesome": {
      "options": {
        "quiet": false,
        "reportFilename": "mochawesome",
        "saveHtml": true,
        "saveJson": true,
        "consoleReporter": "spec",
        "useInlineDiffs": false,
        "code": true
      },
      "version": "6.1.1"
    },
    "marge": {
      "options": {},
      "version": "5.1.0"
    }
  }
}